TN:
SF:src/App.tsx
FN:3,App
FNF:1
FNH:0
FNDA:0,App
DA:1,0
DA:4,0
DA:7,0
LF:3
LH:0
BRF:0
BRH:0
end_of_record
TN:
SF:src/test-utils.tsx
FN:17,renderWithProviders
FN:24,(anonymous_2)
FN:32,Wrapper
FNF:3
FNH:3
FNDA:31,renderWithProviders
FNDA:31,(anonymous_2)
FNDA:31,Wrapper
DA:1,8
DA:2,8
DA:4,8
DA:5,8
DA:6,8
DA:7,8
DA:15,8
DA:17,8
DA:25,31
DA:28,31
DA:29,31
DA:33,31
DA:39,31
LF:13
LH:13
BRDA:19,0,0,10
BRDA:20,1,0,10
BRDA:21,2,0,31
BRF:3
BRH:3
end_of_record
TN:
SF:src/application/CreateOrderUseCase.ts
FN:5,(anonymous_0)
FNF:1
FNH:1
FNDA:4,(anonymous_0)
DA:4,10
DA:10,4
DA:11,3
DA:13,2
DA:14,2
DA:15,2
DA:17,2
LF:7
LH:7
BRDA:10,0,0,1
BRDA:10,0,1,3
BRDA:11,1,0,1
BRDA:11,1,1,2
BRF:4
BRH:4
end_of_record
TN:
SF:src/application/GetMerchantUseCase.ts
FN:5,(anonymous_7)
FN:7,(anonymous_8)
FNF:2
FNH:2
FNDA:10,(anonymous_7)
FNDA:1,(anonymous_8)
DA:4,10
DA:5,10
DA:8,1
LF:3
LH:3
BRF:0
BRH:0
end_of_record
TN:
SF:src/application/GetProductUseCase.ts
FN:5,(anonymous_7)
FN:7,(anonymous_8)
FN:11,(anonymous_10)
FNF:3
FNH:3
FNDA:11,(anonymous_7)
FNDA:1,(anonymous_8)
FNDA:1,(anonymous_10)
DA:4,10
DA:5,11
DA:8,1
DA:12,1
LF:4
LH:4
BRF:0
BRH:0
end_of_record
TN:
SF:src/application/ProcessPaymentUseCase.ts
FN:6,(anonymous_7)
FN:8,(anonymous_8)
FN:12,(anonymous_10)
FNF:3
FNH:3
FNDA:12,(anonymous_7)
FNDA:1,(anonymous_8)
FNDA:2,(anonymous_10)
DA:5,10
DA:6,12
DA:9,1
DA:17,2
DA:18,1
DA:20,1
LF:6
LH:6
BRDA:17,0,0,1
BRDA:17,0,1,1
BRDA:17,1,0,2
BRDA:17,1,1,1
BRF:4
BRH:4
end_of_record
TN:
SF:src/components/ui/button.tsx
FN:50,Button
FNF:1
FNH:1
FNDA:63,Button
DA:1,7
DA:2,7
DA:3,7
DA:5,7
DA:7,7
DA:55,63
DA:56,63
DA:58,63
DA:60,63
DA:72,7
LF:10
LH:10
BRDA:55,0,0,63
BRDA:58,1,0,0
BRDA:58,1,1,63
BRF:3
BRH:2
end_of_record
TN:
SF:src/components/ui/card.tsx
FN:4,Card
FN:17,CardHeader
FN:27,CardTitle
FN:37,CardDescription
FN:47,CardContent
FN:57,CardFooter
FNF:6
FNH:4
FNDA:115,Card
FNDA:52,CardHeader
FNDA:52,CardTitle
FNDA:0,CardDescription
FNDA:95,CardContent
FNDA:0,CardFooter
DA:1,6
DA:2,6
DA:4,115
DA:5,115
DA:17,52
DA:18,52
DA:27,52
DA:28,52
DA:37,0
DA:38,0
DA:47,95
DA:48,95
DA:57,0
DA:58,0
DA:68,6
DA:69,6
DA:70,6
DA:71,6
DA:72,6
DA:73,6
LF:20
LH:16
BRF:0
BRH:0
end_of_record
TN:
SF:src/components/ui/checkbox.tsx
FN:9,(anonymous_1)
FN:14,(anonymous_2)
FNF:2
FNH:2
FNDA:46,(anonymous_1)
FNDA:1,(anonymous_2)
DA:1,2
DA:2,2
DA:8,2
DA:9,46
DA:10,46
DA:14,1
DA:24,2
DA:26,2
LF:8
LH:8
BRDA:14,0,0,0
BRDA:14,0,1,1
BRDA:14,1,0,1
BRDA:14,1,1,1
BRF:4
BRH:3
end_of_record
TN:
SF:src/components/ui/input.tsx
FN:4,Input
FNF:1
FNH:1
FNDA:164,Input
DA:1,2
DA:2,2
DA:4,164
DA:5,164
DA:18,2
LF:5
LH:5
BRF:0
BRH:0
end_of_record
TN:
SF:src/components/ui/label.tsx
FN:15,(anonymous_1)
FNF:1
FNH:1
FNDA:164,(anonymous_1)
DA:1,2
DA:2,2
DA:3,2
DA:5,2
DA:7,2
DA:11,2
DA:15,164
DA:22,2
DA:24,2
LF:9
LH:9
BRF:0
BRH:0
end_of_record
TN:
SF:src/components/ui/spinner.tsx
FN:15,Spinner
FNF:1
FNH:1
FNDA:10,Spinner
DA:1,5
DA:2,5
DA:3,5
DA:9,5
DA:15,10
DA:16,10
DA:30,5
LF:7
LH:7
BRDA:15,0,0,0
BRF:1
BRH:0
end_of_record
TN:
SF:src/components/ui/status-badge.tsx
FN:24,StatusBadge
FNF:1
FNH:1
FNDA:3,StatusBadge
DA:6,1
DA:24,1
DA:25,3
DA:26,3
LF:4
LH:4
BRF:0
BRH:0
end_of_record
TN:
SF:src/infrastructure/di/container.ts
FNF:0
FNH:0
DA:1,9
DA:2,9
DA:3,9
DA:4,9
DA:5,9
DA:6,9
DA:7,9
DA:9,9
DA:10,9
DA:11,9
DA:13,9
DA:14,9
DA:15,9
DA:16,9
LF:14
LH:14
BRF:0
BRH:0
end_of_record
TN:
SF:src/infrastructure/http/ApiMerchantRepository.ts
FN:9,(anonymous_7)
FNF:1
FNH:1
FNDA:2,(anonymous_7)
DA:4,10
DA:6,10
DA:8,10
DA:10,2
DA:11,2
DA:12,1
DA:13,1
LF:7
LH:7
BRDA:11,0,0,1
BRDA:11,0,1,1
BRF:2
BRH:2
end_of_record
TN:
SF:src/infrastructure/http/ApiPaymentGateway.ts
FN:10,(anonymous_7)
FN:24,(anonymous_9)
FN:32,(anonymous_10)
FN:61,(anonymous_12)
FN:84,(anonymous_13)
FNF:5
FNH:3
FNDA:3,(anonymous_7)
FNDA:0,(anonymous_9)
FNDA:3,(anonymous_10)
FNDA:0,(anonymous_12)
FNDA:2,(anonymous_13)
DA:5,10
DA:7,10
DA:9,10
DA:11,3
DA:23,3
DA:24,2
DA:25,2
DA:28,1
DA:29,1
DA:37,3
DA:60,3
DA:61,2
DA:62,2
DA:65,1
DA:66,1
DA:68,1
DA:85,2
DA:86,2
DA:87,1
DA:88,1
DA:89,1
LF:21
LH:21
BRDA:23,0,0,2
BRDA:23,0,1,1
BRDA:25,1,0,1
BRDA:25,1,1,1
BRDA:25,2,0,2
BRDA:25,2,1,2
BRDA:60,3,0,2
BRDA:60,3,1,1
BRDA:62,4,0,1
BRDA:62,4,1,1
BRDA:62,5,0,2
BRDA:62,5,1,2
BRDA:66,6,0,1
BRDA:66,6,1,0
BRDA:71,7,0,1
BRDA:71,7,1,0
BRDA:72,8,0,1
BRDA:72,8,1,0
BRDA:76,9,0,1
BRDA:76,9,1,0
BRDA:76,9,2,0
BRDA:76,10,0,0
BRDA:76,10,1,1
BRDA:76,11,0,1
BRDA:76,11,1,1
BRDA:76,12,0,0
BRDA:76,12,1,1
BRDA:76,13,0,1
BRDA:76,13,1,1
BRDA:79,14,0,1
BRDA:79,14,1,0
BRDA:80,15,0,1
BRDA:80,15,1,0
BRDA:86,16,0,1
BRDA:86,16,1,1
BRF:35
BRH:26
end_of_record
TN:
SF:src/infrastructure/http/ApiProductRepository.ts
FN:9,(anonymous_7)
FN:15,(anonymous_9)
FNF:2
FNH:2
FNDA:2,(anonymous_7)
FNDA:2,(anonymous_9)
DA:4,10
DA:6,10
DA:8,10
DA:10,2
DA:11,2
DA:12,1
DA:16,2
DA:17,2
DA:18,1
LF:9
LH:9
BRDA:11,0,0,1
BRDA:11,0,1,1
BRDA:17,1,0,1
BRDA:17,1,1,1
BRF:4
BRH:4
end_of_record
TN:
SF:src/infrastructure/http/config.ts
FN:1,(anonymous_0)
FNF:1
FNH:1
FNDA:30,(anonymous_0)
DA:1,12
DA:3,30
DA:4,30
DA:10,0
DA:11,0
DA:13,0
LF:6
LH:3
BRDA:3,0,0,30
BRDA:3,0,1,0
BRDA:3,1,0,30
BRDA:3,1,1,30
BRDA:11,2,0,0
BRDA:11,2,1,0
BRF:6
BRH:3
end_of_record
TN:
SF:src/infrastructure/state/store.ts
FN:10,(anonymous_0)
FNF:1
FNH:0
FNDA:0,(anonymous_0)
DA:1,0
DA:2,0
DA:3,0
DA:5,0
DA:11,0
LF:5
LH:0
BRF:0
BRH:0
end_of_record
TN:
SF:src/infrastructure/state/slices/orderSlice.ts
FN:25,(anonymous_7)
FN:34,(anonymous_8)
FN:62,(anonymous_9)
FN:69,(anonymous_10)
FN:80,(anonymous_11)
FN:87,(anonymous_12)
FN:102,(anonymous_13)
FN:102,(anonymous_14)
FN:113,(anonymous_15)
FN:113,(anonymous_16)
FN:126,(anonymous_17)
FN:130,(anonymous_18)
FN:134,(anonymous_19)
FN:151,(anonymous_20)
FN:159,(anonymous_21)
FN:171,(anonymous_22)
FN:173,(anonymous_23)
FN:177,(anonymous_24)
FN:182,(anonymous_25)
FN:186,(anonymous_26)
FN:192,(anonymous_27)
FN:197,(anonymous_28)
FN:201,(anonymous_29)
FN:207,(anonymous_30)
FN:212,(anonymous_31)
FN:216,(anonymous_32)
FN:220,(anonymous_33)
FN:223,(anonymous_34)
FNF:28
FNH:27
FNDA:9,(anonymous_7)
FNDA:23,(anonymous_8)
FNDA:3,(anonymous_9)
FNDA:3,(anonymous_10)
FNDA:2,(anonymous_11)
FNDA:2,(anonymous_12)
FNDA:3,(anonymous_13)
FNDA:3,(anonymous_14)
FNDA:1,(anonymous_15)
FNDA:1,(anonymous_16)
FNDA:3,(anonymous_17)
FNDA:7,(anonymous_18)
FNDA:10,(anonymous_19)
FNDA:1,(anonymous_20)
FNDA:2,(anonymous_21)
FNDA:9,(anonymous_22)
FNDA:3,(anonymous_23)
FNDA:2,(anonymous_24)
FNDA:1,(anonymous_25)
FNDA:2,(anonymous_26)
FNDA:1,(anonymous_27)
FNDA:1,(anonymous_28)
FNDA:1,(anonymous_29)
FNDA:0,(anonymous_30)
FNDA:1,(anonymous_31)
FNDA:3,(anonymous_32)
FNDA:1,(anonymous_33)
FNDA:2,(anonymous_34)
DA:1,9
DA:5,9
DA:23,9
DA:25,9
DA:26,9
DA:27,9
DA:28,9
DA:30,0
DA:34,9
DA:35,23
DA:36,23
DA:37,23
DA:42,1
DA:46,9
DA:48,9
DA:60,9
DA:69,3
DA:70,3
DA:71,3
DA:73,1
DA:78,9
DA:87,2
DA:88,2
DA:89,2
DA:95,1
DA:100,9
DA:102,3
DA:103,3
DA:104,3
DA:106,2
DA:111,9
DA:113,1
DA:114,1
DA:115,1
DA:117,1
DA:122,9
DA:127,3
DA:128,3
DA:131,7
DA:132,7
DA:135,10
DA:137,4
DA:146,6
DA:147,6
DA:149,10
DA:155,1
DA:156,1
DA:157,1
DA:160,2
DA:161,2
DA:162,2
DA:163,2
DA:164,2
DA:165,2
DA:166,2
DA:167,2
DA:168,2
DA:172,9
DA:174,3
DA:175,3
DA:178,2
DA:179,2
DA:180,2
DA:183,1
DA:184,1
DA:187,2
DA:188,2
DA:193,1
DA:194,1
DA:198,1
DA:199,1
DA:202,1
DA:203,1
DA:208,0
DA:209,0
DA:213,1
DA:214,1
DA:217,3
DA:218,3
DA:221,1
DA:224,2
DA:225,2
DA:230,9
DA:237,9
LF:84
LH:81
BRDA:28,0,0,0
BRDA:28,0,1,9
BRDA:49,1,0,0
BRDA:49,1,1,9
BRDA:49,2,0,9
BRDA:49,2,1,9
BRDA:50,3,0,0
BRDA:50,3,1,9
BRDA:50,4,0,9
BRDA:50,4,1,9
BRDA:51,5,0,0
BRDA:51,5,1,9
BRDA:51,6,0,9
BRDA:51,6,1,9
BRDA:54,7,0,0
BRDA:54,7,1,9
BRDA:54,8,0,9
BRDA:54,8,1,9
BRDA:55,9,0,0
BRDA:55,9,1,9
BRDA:55,10,0,9
BRDA:55,10,1,9
BRDA:135,11,0,4
BRDA:135,11,1,6
BRDA:135,12,0,10
BRDA:135,12,1,4
BRDA:146,13,0,6
BRDA:146,13,1,0
BRF:28
BRH:21
end_of_record
TN:
SF:src/infrastructure/state/slices/productSlice.ts
FN:21,(anonymous_7)
FN:21,(anonymous_8)
FN:32,(anonymous_9)
FN:32,(anonymous_10)
FN:45,(anonymous_11)
FN:49,(anonymous_12)
FN:51,(anonymous_13)
FN:57,(anonymous_14)
FN:62,(anonymous_15)
FN:66,(anonymous_16)
FN:72,(anonymous_17)
FN:77,(anonymous_18)
FNF:12
FNH:12
FNDA:2,(anonymous_7)
FNDA:2,(anonymous_8)
FNDA:2,(anonymous_9)
FNDA:2,(anonymous_10)
FNDA:1,(anonymous_11)
FNDA:9,(anonymous_12)
FNDA:3,(anonymous_13)
FNDA:1,(anonymous_14)
FNDA:1,(anonymous_15)
FNDA:2,(anonymous_16)
FNDA:1,(anonymous_17)
FNDA:1,(anonymous_18)
DA:1,11
DA:3,11
DA:12,11
DA:19,11
DA:21,2
DA:22,2
DA:23,2
DA:25,1
DA:30,11
DA:32,2
DA:33,2
DA:34,2
DA:36,1
DA:41,11
DA:46,1
DA:50,9
DA:52,3
DA:53,3
DA:58,1
DA:59,1
DA:63,1
DA:64,1
DA:67,2
DA:68,2
DA:73,1
DA:74,1
DA:78,1
DA:79,1
DA:84,11
DA:85,11
LF:30
LH:30
BRF:0
BRH:0
end_of_record
TN:
SF:src/lib/utils.ts
FN:4,cn
FNF:1
FNH:1
FNDA:761,cn
DA:1,8
DA:2,8
DA:4,8
DA:5,761
LF:4
LH:4
BRF:0
BRH:0
end_of_record
TN:
SF:src/lib/format/index.ts
FN:1,(anonymous_0)
FN:9,(anonymous_1)
FN:17,(anonymous_2)
FN:23,(anonymous_3)
FNF:4
FNH:4
FNDA:79,(anonymous_0)
FNDA:4,(anonymous_1)
FNDA:3,(anonymous_2)
FNDA:19,(anonymous_3)
DA:1,7
DA:2,79
DA:9,7
DA:10,4
DA:17,7
DA:18,3
DA:19,3
DA:20,2
DA:23,7
DA:26,19
DA:27,19
DA:28,7
DA:29,6
LF:13
LH:13
BRDA:19,0,0,1
BRDA:19,0,1,2
BRDA:27,1,0,12
BRDA:27,1,1,7
BRDA:28,2,0,1
BRDA:28,2,1,6
BRF:6
BRH:6
end_of_record
TN:
SF:src/presentation/components/AcceptanceStep.tsx
FN:11,AcceptanceStep
FN:14,(anonymous_1)
FN:17,(anonymous_2)
FN:41,(anonymous_3)
FN:76,(anonymous_4)
FNF:5
FNH:4
FNDA:24,AcceptanceStep
FNDA:41,(anonymous_1)
FNDA:6,(anonymous_2)
FNDA:1,(anonymous_3)
FNDA:0,(anonymous_4)
DA:1,2
DA:2,2
DA:4,2
DA:8,2
DA:9,2
DA:11,2
DA:12,24
DA:13,24
DA:14,41
DA:17,24
DA:18,6
DA:19,1
DA:23,24
DA:24,0
DA:31,24
DA:33,23
DA:35,23
DA:42,1
DA:77,0
LF:19
LH:17
BRDA:18,0,0,1
BRDA:18,0,1,5
BRDA:23,1,0,0
BRDA:23,1,1,24
BRDA:23,2,0,24
BRDA:23,2,1,2
BRDA:31,3,0,1
BRDA:31,3,1,23
BRF:8
BRH:7
end_of_record
TN:
SF:src/presentation/components/layout/CheckoutLayout.tsx
FN:19,CheckoutLayout
FN:34,(anonymous_1)
FN:42,(anonymous_2)
FNF:3
FNH:2
FNDA:44,CheckoutLayout
FNDA:0,(anonymous_1)
FNDA:220,(anonymous_2)
DA:1,5
DA:3,5
DA:19,5
DA:26,44
DA:28,44
DA:34,0
DA:43,220
LF:7
LH:6
BRDA:32,0,0,44
BRDA:32,0,1,41
BRDA:37,1,0,41
BRDA:37,1,1,2
BRDA:46,2,0,110
BRDA:46,2,1,110
BRDA:51,3,0,66
BRDA:51,3,1,154
BRDA:53,4,0,44
BRDA:53,4,1,110
BRDA:62,5,0,220
BRDA:62,5,1,176
BRDA:65,6,0,66
BRDA:65,6,1,110
BRDA:76,7,0,44
BRDA:76,7,1,44
BRF:16
BRH:16
end_of_record
TN:
SF:src/presentation/components/layout/Header.tsx
FN:3,Header
FN:10,(anonymous_1)
FNF:2
FNH:1
FNDA:4,Header
FNDA:0,(anonymous_1)
DA:1,1
DA:3,1
DA:4,4
DA:6,4
DA:10,0
LF:5
LH:4
BRF:0
BRH:0
end_of_record
TN:
SF:src/presentation/hooks/useProduct.ts
FN:10,useProduct
FN:13,(anonymous_1)
FN:16,(anonymous_2)
FN:23,(anonymous_3)
FNF:4
FNH:0
FNDA:0,useProduct
FNDA:0,(anonymous_1)
FNDA:0,(anonymous_2)
FNDA:0,(anonymous_3)
DA:1,2
DA:2,2
DA:4,2
DA:10,2
DA:11,0
DA:12,0
DA:13,0
DA:16,0
DA:17,0
DA:18,0
DA:20,0
DA:23,0
DA:24,0
DA:25,0
DA:30,0
LF:15
LH:4
BRDA:17,0,0,0
BRDA:17,0,1,0
BRDA:24,1,0,0
BRDA:24,1,1,0
BRF:4
BRH:0
end_of_record
TN:
SF:src/presentation/pages/CreditCardFormPage.tsx
FN:20,CreditCardFormPage
FN:23,(anonymous_1)
FN:37,(anonymous_2)
FN:42,(anonymous_3)
FN:42,(anonymous_4)
FN:48,(anonymous_5)
FN:49,(anonymous_6)
FN:52,(anonymous_7)
FN:63,(anonymous_8)
FNF:9
FNH:9
FNDA:11,CreditCardFormPage
FNDA:17,(anonymous_1)
FNDA:6,(anonymous_2)
FNDA:44,(anonymous_3)
FNDA:1,(anonymous_4)
FNDA:1,(anonymous_5)
FNDA:1,(anonymous_6)
FNDA:3,(anonymous_7)
FNDA:3,(anonymous_8)
DA:1,1
DA:3,1
DA:4,1
DA:6,1
DA:8,1
DA:9,1
DA:10,1
DA:11,1
DA:13,1
DA:14,1
DA:20,1
DA:21,11
DA:22,11
DA:23,17
DA:24,11
DA:28,11
DA:37,11
DA:38,6
DA:42,44
DA:43,1
DA:44,1
DA:45,1
DA:46,1
DA:48,1
DA:49,1
DA:52,11
DA:53,3
DA:54,3
DA:55,2
DA:56,3
DA:57,3
DA:58,3
DA:59,3
DA:60,3
DA:63,11
DA:64,3
DA:65,3
DA:66,1
DA:67,1
DA:70,11
DA:72,11
LF:41
LH:41
BRDA:29,0,0,11
BRDA:29,0,1,0
BRDA:44,1,0,1
BRDA:44,1,1,0
BRDA:45,2,0,0
BRDA:45,2,1,1
BRDA:46,3,0,0
BRDA:46,3,1,1
BRDA:54,4,0,2
BRDA:54,4,1,1
BRDA:56,5,0,1
BRDA:56,5,1,2
BRDA:57,6,0,1
BRDA:57,6,1,2
BRDA:58,7,0,1
BRDA:58,7,1,2
BRDA:65,8,0,2
BRDA:65,8,1,1
BRDA:88,9,0,11
BRDA:88,9,1,3
BRDA:94,10,0,11
BRDA:94,10,1,3
BRDA:102,11,0,11
BRDA:102,11,1,6
BRDA:110,12,0,11
BRDA:110,12,1,6
BRDA:129,13,0,1
BRDA:129,13,1,10
BRDA:131,14,0,11
BRDA:131,14,1,1
BRDA:144,15,0,2
BRDA:144,15,1,9
BRDA:146,16,0,11
BRDA:146,16,1,2
BRDA:160,17,0,1
BRDA:160,17,1,10
BRDA:162,18,0,11
BRDA:162,18,1,1
BRDA:175,19,0,1
BRDA:175,19,1,10
BRDA:177,20,0,11
BRDA:177,20,1,1
BRF:42
BRH:38
end_of_record
TN:
SF:src/presentation/pages/OrderResultPage.tsx
FN:11,OrderResultPage
FN:14,(anonymous_1)
FN:16,(anonymous_2)
FN:24,(anonymous_3)
FN:112,(anonymous_4)
FNF:5
FNH:3
FNDA:5,OrderResultPage
FNDA:9,(anonymous_1)
FNDA:1,(anonymous_2)
FNDA:0,(anonymous_3)
FNDA:0,(anonymous_4)
DA:1,1
DA:2,1
DA:4,1
DA:5,1
DA:6,1
DA:7,1
DA:8,1
DA:9,1
DA:11,1
DA:12,5
DA:13,5
DA:14,9
DA:16,5
DA:17,1
DA:18,1
DA:21,5
DA:22,2
DA:24,0
DA:29,3
DA:30,3
DA:32,3
DA:112,0
LF:22
LH:20
BRDA:21,0,0,2
BRDA:21,0,1,3
BRDA:21,1,0,5
BRDA:21,1,1,3
BRDA:38,2,0,2
BRDA:38,2,1,1
BRDA:38,3,0,0
BRDA:38,3,1,1
BRDA:43,4,0,2
BRDA:43,4,1,1
BRDA:43,5,0,0
BRDA:43,5,1,1
BRDA:45,6,0,2
BRDA:45,6,1,1
BRDA:45,7,0,0
BRDA:45,7,1,1
BRDA:49,8,0,2
BRDA:49,8,1,1
BRDA:51,9,0,0
BRDA:51,9,1,1
BRDA:56,10,0,2
BRDA:56,10,1,1
BRDA:58,11,0,0
BRDA:58,11,1,1
BRDA:104,12,0,2
BRDA:104,12,1,1
BRDA:104,13,0,3
BRDA:104,13,1,1
BRDA:108,14,0,3
BRDA:108,14,1,2
BRF:30
BRH:25
end_of_record
TN:
SF:src/presentation/pages/PaymentSummaryPage.tsx
FN:10,PaymentSummaryPage
FN:12,(anonymous_1)
FN:14,(anonymous_2)
FNF:3
FNH:3
FNDA:5,PaymentSummaryPage
FNDA:9,(anonymous_1)
FNDA:1,(anonymous_2)
DA:1,1
DA:2,1
DA:4,1
DA:5,1
DA:7,1
DA:8,1
DA:10,1
DA:11,5
DA:12,9
DA:14,5
DA:15,1
DA:18,5
DA:19,1
DA:26,4
DA:27,4
DA:29,4
LF:16
LH:16
BRDA:18,0,0,1
BRDA:18,0,1,4
BRDA:18,1,0,5
BRDA:18,1,1,4
BRDA:70,2,0,4
BRDA:70,2,1,1
BRF:6
BRH:6
end_of_record
TN:
SF:src/presentation/pages/ProductDetailPage.tsx
FN:14,ProductDetailPage
FN:20,(anonymous_1)
FN:39,(anonymous_2)
FNF:3
FNH:3
FNDA:7,ProductDetailPage
FNDA:1,(anonymous_1)
FNDA:1,(anonymous_2)
DA:2,1
DA:3,1
DA:4,1
DA:5,1
DA:6,1
DA:8,1
DA:11,1
DA:12,1
DA:14,1
DA:15,7
DA:16,7
DA:17,7
DA:18,7
DA:20,7
DA:21,1
DA:22,1
DA:23,1
DA:26,7
DA:27,1
DA:34,6
DA:35,2
DA:39,1
DA:45,4
DA:47,4
LF:24
LH:24
BRDA:21,0,0,0
BRDA:21,0,1,1
BRDA:26,1,0,1
BRDA:26,1,1,6
BRDA:34,2,0,2
BRDA:34,2,1,4
BRDA:34,3,0,6
BRDA:34,3,1,2
BRDA:45,4,0,0
BRDA:45,4,1,4
BRDA:67,5,0,4
BRDA:67,5,1,1
BRDA:67,5,2,1
BRDA:72,6,0,4
BRDA:72,6,1,0
BRDA:100,7,0,0
BRDA:100,7,1,4
BRDA:111,8,0,0
BRDA:111,8,1,4
BRF:19
BRH:14
end_of_record
TN:
SF:src/presentation/pages/ProductListPage.tsx
FN:9,ProductListPage
FN:41,(anonymous_1)
FN:45,(anonymous_2)
FNF:3
FNH:3
FNDA:5,ProductListPage
FNDA:6,(anonymous_1)
FNDA:1,(anonymous_2)
DA:1,1
DA:2,1
DA:3,1
DA:4,1
DA:5,1
DA:6,1
DA:7,1
DA:9,1
DA:10,5
DA:11,5
DA:13,5
DA:14,1
DA:21,4
DA:23,4
DA:42,6
DA:45,1
LF:16
LH:16
BRDA:13,0,0,1
BRDA:13,0,1,4
BRDA:27,1,0,4
BRDA:27,1,1,1
BRDA:53,2,0,6
BRDA:53,2,1,3
BRF:6
BRH:6
end_of_record
TN:
SF:src/presentation/pages/ShippingPaymentPage.tsx
FN:23,ShippingPaymentPage
FN:27,(anonymous_1)
FN:42,(anonymous_2)
FN:47,(anonymous_3)
FN:47,(anonymous_4)
FN:48,(anonymous_5)
FN:49,(anonymous_6)
FN:52,(anonymous_7)
FN:64,(anonymous_8)
FN:225,(anonymous_9)
FNF:10
FNH:9
FNDA:20,ShippingPaymentPage
FNDA:33,(anonymous_1)
FNDA:8,(anonymous_2)
FNDA:120,(anonymous_3)
FNDA:5,(anonymous_4)
FNDA:5,(anonymous_5)
FNDA:5,(anonymous_6)
FNDA:2,(anonymous_7)
FNDA:2,(anonymous_8)
FNDA:0,(anonymous_9)
DA:1,1
DA:3,1
DA:4,1
DA:6,1
DA:12,1
DA:13,1
DA:14,1
DA:15,1
DA:17,1
DA:18,1
DA:20,1
DA:21,1
DA:23,1
DA:24,20
DA:25,20
DA:26,20
DA:27,33
DA:29,20
DA:31,20
DA:42,20
DA:43,8
DA:47,120
DA:48,5
DA:49,5
DA:52,20
DA:53,2
DA:54,2
DA:55,2
DA:56,1
DA:57,2
DA:58,2
DA:59,2
DA:60,2
DA:61,2
DA:64,20
DA:65,2
DA:66,2
DA:67,1
DA:68,1
DA:71,20
DA:73,20
DA:226,0
LF:42
LH:41
BRDA:32,0,0,20
BRDA:32,0,1,3
BRDA:32,1,0,3
BRDA:32,1,1,17
BRDA:32,2,0,20
BRDA:32,2,1,20
BRDA:54,3,0,1
BRDA:54,3,1,1
BRDA:55,4,0,1
BRDA:55,4,1,1
BRDA:57,5,0,1
BRDA:57,5,1,1
BRDA:58,6,0,1
BRDA:58,6,1,1
BRDA:59,7,0,1
BRDA:59,7,1,1
BRDA:66,8,0,1
BRDA:66,8,1,1
BRDA:66,9,0,2
BRDA:66,9,1,1
BRDA:66,9,2,1
BRDA:66,9,3,1
BRDA:71,10,0,0
BRDA:71,10,1,20
BRDA:99,11,0,1
BRDA:99,11,1,19
BRDA:101,12,0,20
BRDA:101,12,1,1
BRDA:113,13,0,1
BRDA:113,13,1,19
BRDA:115,14,0,20
BRDA:115,14,1,1
BRDA:127,15,0,1
BRDA:127,15,1,19
BRDA:129,16,0,20
BRDA:129,16,1,1
BRDA:150,17,0,1
BRDA:150,17,1,19
BRDA:152,18,0,20
BRDA:152,18,1,1
BRDA:163,19,0,1
BRDA:163,19,1,19
BRDA:165,20,0,20
BRDA:165,20,1,1
BRDA:208,21,0,20
BRDA:208,21,1,18
BRF:46
BRH:45
end_of_record
TN:
SF:src/presentation/pages/TransactionProgressPage.tsx
FN:13,TransactionProgressPage
FN:17,(anonymous_8)
FN:22,(anonymous_9)
FN:28,(anonymous_10)
FN:28,(anonymous_11)
FN:57,(anonymous_12)
FN:63,(anonymous_13)
FN:84,(anonymous_14)
FN:102,(anonymous_15)
FNF:9
FNH:9
FNDA:13,TransactionProgressPage
FNDA:22,(anonymous_8)
FNDA:5,(anonymous_9)
FNDA:2,(anonymous_10)
FNDA:2,(anonymous_11)
FNDA:4,(anonymous_12)
FNDA:4,(anonymous_13)
FNDA:1,(anonymous_14)
FNDA:1,(anonymous_15)
DA:1,1
DA:2,1
DA:3,1
DA:5,1
DA:9,1
DA:10,1
DA:11,1
DA:13,1
DA:14,13
DA:15,13
DA:16,13
DA:17,22
DA:19,13
DA:20,13
DA:22,13
DA:23,5
DA:24,1
DA:25,1
DA:28,4
DA:29,2
DA:30,2
DA:32,2
DA:33,1
DA:35,1
DA:37,1
DA:45,1
DA:46,1
DA:47,1
DA:50,1
DA:51,1
DA:57,4
DA:58,4
DA:59,2
DA:60,2
DA:63,4
DA:64,4
DA:68,13
DA:70,13
DA:71,3
DA:84,1
DA:95,10
DA:96,2
DA:102,1
DA:107,8
LF:44
LH:44
BRDA:23,0,0,1
BRDA:23,0,1,4
BRDA:23,1,0,5
BRDA:23,1,1,4
BRDA:23,1,2,4
BRDA:45,2,0,1
BRDA:45,2,1,0
BRDA:52,3,0,1
BRDA:52,3,1,1
BRDA:52,4,0,1
BRDA:52,4,1,0
BRDA:58,5,0,2
BRDA:58,5,1,2
BRDA:68,6,0,13
BRDA:68,6,1,10
BRDA:70,7,0,3
BRDA:70,7,1,10
BRDA:95,8,0,2
BRDA:95,8,1,8
BRDA:95,9,0,10
BRDA:95,9,1,8
BRDA:95,9,2,8
BRF:22
BRH:20
end_of_record
TN:
SF:src/presentation/router/AppRouter.tsx
FN:10,AppRouter
FNF:1
FNH:0
FNDA:0,AppRouter
DA:1,0
DA:2,0
DA:3,0
DA:4,0
DA:5,0
DA:6,0
DA:7,0
DA:8,0
DA:10,0
DA:11,0
LF:10
LH:0
BRF:0
BRH:0
end_of_record
